build/app/intermediates/manifest_merge_blame_file/release/manifest-merger-blame-release-report.txt
1<?xml version="1.0" encoding="utf-8"?>
2<manifest xmlns:android="http://schemas.android.com/apk/res/android"
3    package="com.travel.travelworldonline"
4    android:versionCode="1"
5    android:versionName="1.0.1" >
6
7    <uses-sdk
8        android:minSdkVersion="23"
8-->src/main/AndroidManifest.xml
9        android:targetSdkVersion="31" />
9-->src/main/AndroidManifest.xml
10
11    <uses-permission android:name="android.permission.INTERNET" />
11-->src/main/AndroidManifest.xml:3:5-66
11-->src/main/AndroidManifest.xml:3:22-64
12    <uses-permission android:name="android.permission.WRITE_EXTERNAL_STORAGE" />
12-->src/main/AndroidManifest.xml:4:5-80
12-->src/main/AndroidManifest.xml:4:22-78
13    <uses-permission android:name="android.permission.READ_EXTERNAL_STORAGE" />
13-->src/main/AndroidManifest.xml:5:5-79
13-->src/main/AndroidManifest.xml:5:22-77
14    <uses-permission android:name="android.permission.WAKE_LOCK" />
14-->[:firebase_messaging] AndroidManifest.xml:10:5-68
14-->[:firebase_messaging] AndroidManifest.xml:10:22-65
15    <uses-permission android:name="android.permission.ACCESS_NETWORK_STATE" /> <!-- Permissions options for the `notification` group -->
15-->[:firebase_messaging] AndroidManifest.xml:11:5-79
15-->[:firebase_messaging] AndroidManifest.xml:11:22-76
16    <uses-permission android:name="android.permission.POST_NOTIFICATIONS" />
16-->[:firebase_messaging] AndroidManifest.xml:13:5-77
16-->[:firebase_messaging] AndroidManifest.xml:13:22-74
17    <uses-permission android:name="android.permission.CALL_PHONE" />
17-->[:flutter_phone_direct_caller] AndroidManifest.xml:9:5-69
17-->[:flutter_phone_direct_caller] AndroidManifest.xml:9:22-66
18
19    <uses-feature
19-->[:flutter_phone_direct_caller] AndroidManifest.xml:11:5-13:36
20        android:name="android.hardware.telephony"
20-->[:flutter_phone_direct_caller] AndroidManifest.xml:12:9-50
21        android:required="false" /> <!-- Required by older versions of Google Play services to create IID tokens -->
21-->[:flutter_phone_direct_caller] AndroidManifest.xml:13:9-33
22    <uses-permission android:name="com.google.android.c2dm.permission.RECEIVE" />
22-->[com.google.firebase:firebase-iid:21.1.0] AndroidManifest.xml:26:5-82
22-->[com.google.firebase:firebase-iid:21.1.0] AndroidManifest.xml:26:22-79
23    <uses-permission android:name="android.permission.RECEIVE_BOOT_COMPLETED" />
23-->[androidx.work:work-runtime:2.7.0] AndroidManifest.xml:27:5-81
23-->[androidx.work:work-runtime:2.7.0] AndroidManifest.xml:27:22-78
24    <uses-permission android:name="android.permission.FOREGROUND_SERVICE" />
24-->[androidx.work:work-runtime:2.7.0] AndroidManifest.xml:28:5-77
24-->[androidx.work:work-runtime:2.7.0] AndroidManifest.xml:28:22-74
25
26    <queries>
26-->[androidx.media2:media2-session:1.2.0] AndroidManifest.xml:24:5-34:15
27        <intent>
27-->[androidx.media2:media2-session:1.2.0] AndroidManifest.xml:25:9-27:18
28            <action android:name="android.media.browse.MediaBrowserService" />
28-->[androidx.media2:media2-session:1.2.0] AndroidManifest.xml:26:13-79
28-->[androidx.media2:media2-session:1.2.0] AndroidManifest.xml:26:21-76
29        </intent>
30        <intent>
30-->[androidx.media2:media2-session:1.2.0] AndroidManifest.xml:28:9-30:18
31            <action android:name="androidx.media2.session.MediaSessionService" />
31-->[androidx.media2:media2-session:1.2.0] AndroidManifest.xml:29:13-82
31-->[androidx.media2:media2-session:1.2.0] AndroidManifest.xml:29:21-79
32        </intent>
33        <intent>
33-->[androidx.media2:media2-session:1.2.0] AndroidManifest.xml:31:9-33:18
34            <action android:name="androidx.media2.session.MediaLibraryService" />
34-->[androidx.media2:media2-session:1.2.0] AndroidManifest.xml:32:13-82
34-->[androidx.media2:media2-session:1.2.0] AndroidManifest.xml:32:21-79
35        </intent>
36    </queries>
37
38    <application
39        android:name="android.app.Application"
39-->src/main/AndroidManifest.xml:9:9-42
40        android:appComponentFactory="androidx.core.app.CoreComponentFactory"
40-->[androidx.core:core:1.7.0] AndroidManifest.xml:24:18-86
41        android:extractNativeLibs="false"
42        android:icon="@mipmap/ic_launcher"
42-->src/main/AndroidManifest.xml:10:9-43
43        android:label="travel_app"
43-->src/main/AndroidManifest.xml:7:9-35
44        android:usesCleartextTraffic="true" >
44-->src/main/AndroidManifest.xml:8:9-44
45        <activity
45-->src/main/AndroidManifest.xml:11:9-31:20
46            android:name="com.travel.travelworldonline.MainActivity"
46-->src/main/AndroidManifest.xml:12:13-41
47            android:configChanges="orientation|keyboardHidden|keyboard|screenSize|smallestScreenSize|locale|layoutDirection|fontScale|screenLayout|density|uiMode"
47-->src/main/AndroidManifest.xml:16:13-163
48            android:exported="true"
48-->src/main/AndroidManifest.xml:13:13-36
49            android:hardwareAccelerated="true"
49-->src/main/AndroidManifest.xml:17:13-47
50            android:launchMode="singleTop"
50-->src/main/AndroidManifest.xml:14:13-43
51            android:theme="@style/LaunchTheme"
51-->src/main/AndroidManifest.xml:15:13-47
52            android:windowSoftInputMode="adjustResize" >
52-->src/main/AndroidManifest.xml:18:13-55
53
54            <!--
55                 Specifies an Android theme to apply to this Activity as soon as
56                 the Android process has started. This theme is visible to the user
57                 while the Flutter UI initializes. After that, this theme continues
58                 to determine the Window background behind the Flutter UI.
59            -->
60            <meta-data
60-->src/main/AndroidManifest.xml:23:13-26:17
61                android:name="io.flutter.embedding.android.NormalTheme"
61-->src/main/AndroidManifest.xml:24:15-70
62                android:resource="@style/NormalTheme" />
62-->src/main/AndroidManifest.xml:25:15-52
63
64            <intent-filter>
64-->src/main/AndroidManifest.xml:27:13-30:29
65                <action android:name="android.intent.action.MAIN" />
65-->src/main/AndroidManifest.xml:28:17-68
65-->src/main/AndroidManifest.xml:28:25-66
66
67                <category android:name="android.intent.category.LAUNCHER" />
67-->src/main/AndroidManifest.xml:29:17-76
67-->src/main/AndroidManifest.xml:29:27-74
68            </intent-filter>
69        </activity>
70        <!--
71             Don't delete the meta-data below.
72             This is used by the Flutter tool to generate GeneratedPluginRegistrant.java
73        -->
74        <meta-data
74-->src/main/AndroidManifest.xml:34:9-36:33
75            android:name="flutterEmbedding"
75-->src/main/AndroidManifest.xml:35:13-44
76            android:value="2" />
76-->src/main/AndroidManifest.xml:36:13-30
77
78        <service
78-->[:firebase_messaging] AndroidManifest.xml:16:9-19:72
79            android:name="io.flutter.plugins.firebase.messaging.FlutterFirebaseMessagingBackgroundService"
79-->[:firebase_messaging] AndroidManifest.xml:17:13-107
80            android:exported="false"
80-->[:firebase_messaging] AndroidManifest.xml:18:13-37
81            android:permission="android.permission.BIND_JOB_SERVICE" />
81-->[:firebase_messaging] AndroidManifest.xml:19:13-69
82        <service
82-->[:firebase_messaging] AndroidManifest.xml:20:9-26:19
83            android:name="io.flutter.plugins.firebase.messaging.FlutterFirebaseMessagingService"
83-->[:firebase_messaging] AndroidManifest.xml:21:13-97
84            android:exported="false" >
84-->[:firebase_messaging] AndroidManifest.xml:22:13-37
85            <intent-filter>
85-->[:firebase_messaging] AndroidManifest.xml:23:13-25:29
86                <action android:name="com.google.firebase.MESSAGING_EVENT" />
86-->[:firebase_messaging] AndroidManifest.xml:24:17-78
86-->[:firebase_messaging] AndroidManifest.xml:24:25-75
87            </intent-filter>
88        </service>
89
90        <receiver
90-->[:firebase_messaging] AndroidManifest.xml:28:9-35:20
91            android:name="io.flutter.plugins.firebase.messaging.FlutterFirebaseMessagingReceiver"
91-->[:firebase_messaging] AndroidManifest.xml:29:13-98
92            android:exported="true"
92-->[:firebase_messaging] AndroidManifest.xml:30:13-36
93            android:permission="com.google.android.c2dm.permission.SEND" >
93-->[:firebase_messaging] AndroidManifest.xml:31:13-73
94            <intent-filter>
94-->[:firebase_messaging] AndroidManifest.xml:32:13-34:29
95                <action android:name="com.google.android.c2dm.intent.RECEIVE" />
95-->[:firebase_messaging] AndroidManifest.xml:33:17-81
95-->[:firebase_messaging] AndroidManifest.xml:33:25-78
96            </intent-filter>
97        </receiver>
98
99        <service
99-->[:firebase_messaging] AndroidManifest.xml:37:9-41:19
100            android:name="com.google.firebase.components.ComponentDiscoveryService"
100-->[:firebase_messaging] AndroidManifest.xml:37:18-89
101            android:directBootAware="true"
101-->[com.google.firebase:firebase-common:20.2.0] AndroidManifest.xml:34:13-43
102            android:exported="false" >
102-->[com.google.firebase:firebase-iid:21.1.0] AndroidManifest.xml:31:13-37
103            <meta-data
103-->[:firebase_messaging] AndroidManifest.xml:38:13-40:85
104                android:name="com.google.firebase.components:io.flutter.plugins.firebase.messaging.FlutterFirebaseAppRegistrar"
104-->[:firebase_messaging] AndroidManifest.xml:39:17-128
105                android:value="com.google.firebase.components.ComponentRegistrar" />
105-->[:firebase_messaging] AndroidManifest.xml:40:17-82
106            <meta-data
106-->[:firebase_core] AndroidManifest.xml:11:13-13:85
107                android:name="com.google.firebase.components:io.flutter.plugins.firebase.core.FlutterFirebaseCoreRegistrar"
107-->[:firebase_core] AndroidManifest.xml:12:17-124
108                android:value="com.google.firebase.components.ComponentRegistrar" />
108-->[:firebase_core] AndroidManifest.xml:13:17-82
109            <meta-data
109-->[com.google.firebase:firebase-iid:21.1.0] AndroidManifest.xml:32:13-34:85
110                android:name="com.google.firebase.components:com.google.firebase.iid.Registrar"
110-->[com.google.firebase:firebase-iid:21.1.0] AndroidManifest.xml:33:17-96
111                android:value="com.google.firebase.components.ComponentRegistrar" />
111-->[com.google.firebase:firebase-iid:21.1.0] AndroidManifest.xml:34:17-82
112            <meta-data
112-->[com.google.firebase:firebase-messaging:23.1.0] AndroidManifest.xml:55:13-57:85
113                android:name="com.google.firebase.components:com.google.firebase.messaging.FirebaseMessagingRegistrar"
113-->[com.google.firebase:firebase-messaging:23.1.0] AndroidManifest.xml:56:17-119
114                android:value="com.google.firebase.components.ComponentRegistrar" />
114-->[com.google.firebase:firebase-messaging:23.1.0] AndroidManifest.xml:57:17-82
115            <meta-data
115-->[com.google.firebase:firebase-installations:17.1.0] AndroidManifest.xml:17:13-19:85
116                android:name="com.google.firebase.components:com.google.firebase.installations.FirebaseInstallationsRegistrar"
116-->[com.google.firebase:firebase-installations:17.1.0] AndroidManifest.xml:18:17-127
117                android:value="com.google.firebase.components.ComponentRegistrar" />
117-->[com.google.firebase:firebase-installations:17.1.0] AndroidManifest.xml:19:17-82
118            <meta-data
118-->[com.google.firebase:firebase-datatransport:18.1.7] AndroidManifest.xml:27:13-29:85
119                android:name="com.google.firebase.components:com.google.firebase.datatransport.TransportRegistrar"
119-->[com.google.firebase:firebase-datatransport:18.1.7] AndroidManifest.xml:28:17-115
120                android:value="com.google.firebase.components.ComponentRegistrar" />
120-->[com.google.firebase:firebase-datatransport:18.1.7] AndroidManifest.xml:29:17-82
121        </service>
122
123        <provider
123-->[:firebase_messaging] AndroidManifest.xml:43:9-47:38
124            android:name="io.flutter.plugins.firebase.messaging.FlutterFirebaseMessagingInitProvider"
124-->[:firebase_messaging] AndroidManifest.xml:44:13-102
125            android:authorities="com.travel.travelworldonline.flutterfirebasemessaginginitprovider"
125-->[:firebase_messaging] AndroidManifest.xml:45:13-88
126            android:exported="false"
126-->[:firebase_messaging] AndroidManifest.xml:46:13-37
127            android:initOrder="99" />
127-->[:firebase_messaging] AndroidManifest.xml:47:13-35
128
129        <activity
129-->[:url_launcher_android] AndroidManifest.xml:10:9-13:74
130            android:name="io.flutter.plugins.urllauncher.WebViewActivity"
130-->[:url_launcher_android] AndroidManifest.xml:11:13-74
131            android:exported="false"
131-->[:url_launcher_android] AndroidManifest.xml:12:13-37
132            android:theme="@android:style/Theme.NoTitleBar.Fullscreen" />
132-->[:url_launcher_android] AndroidManifest.xml:13:13-71
133
134        <provider
134-->[:printing] AndroidManifest.xml:10:9-18:20
135            android:name="net.nfet.flutter.printing.PrintFileProvider"
135-->[:printing] AndroidManifest.xml:11:13-71
136            android:authorities="com.travel.travelworldonline.flutter.printing"
136-->[:printing] AndroidManifest.xml:12:13-68
137            android:exported="false"
137-->[:printing] AndroidManifest.xml:13:13-37
138            android:grantUriPermissions="true" >
138-->[:printing] AndroidManifest.xml:14:13-47
139            <meta-data
139-->[:printing] AndroidManifest.xml:15:13-17:71
140                android:name="android.support.FILE_PROVIDER_PATHS"
140-->[:printing] AndroidManifest.xml:16:17-67
141                android:resource="@xml/flutter_printing_file_paths" />
141-->[:printing] AndroidManifest.xml:17:17-68
142        </provider>
143        <provider
143-->[:share] AndroidManifest.xml:10:9-18:20
144            android:name="io.flutter.plugins.share.ShareFileProvider"
144-->[:share] AndroidManifest.xml:11:13-70
145            android:authorities="com.travel.travelworldonline.flutter.share_provider"
145-->[:share] AndroidManifest.xml:12:13-74
146            android:exported="false"
146-->[:share] AndroidManifest.xml:13:13-37
147            android:grantUriPermissions="true" >
147-->[:share] AndroidManifest.xml:14:13-47
148            <meta-data
148-->[:printing] AndroidManifest.xml:15:13-17:71
149                android:name="android.support.FILE_PROVIDER_PATHS"
149-->[:printing] AndroidManifest.xml:16:17-67
150                android:resource="@xml/flutter_share_file_paths" />
150-->[:printing] AndroidManifest.xml:17:17-68
151        </provider>
152
153        <uses-library
153-->[androidx.window:window:1.0.0-beta04] AndroidManifest.xml:25:9-27:40
154            android:name="androidx.window.extensions"
154-->[androidx.window:window:1.0.0-beta04] AndroidManifest.xml:26:13-54
155            android:required="false" />
155-->[androidx.window:window:1.0.0-beta04] AndroidManifest.xml:27:13-37
156        <uses-library
156-->[androidx.window:window:1.0.0-beta04] AndroidManifest.xml:28:9-30:40
157            android:name="androidx.window.sidecar"
157-->[androidx.window:window:1.0.0-beta04] AndroidManifest.xml:29:13-51
158            android:required="false" />
158-->[androidx.window:window:1.0.0-beta04] AndroidManifest.xml:30:13-37
159
160        <receiver
160-->[com.google.firebase:firebase-messaging:23.1.0] AndroidManifest.xml:31:9-38:20
161            android:name="com.google.firebase.iid.FirebaseInstanceIdReceiver"
161-->[com.google.firebase:firebase-messaging:23.1.0] AndroidManifest.xml:32:13-78
162            android:exported="true"
162-->[com.google.firebase:firebase-messaging:23.1.0] AndroidManifest.xml:33:13-36
163            android:permission="com.google.android.c2dm.permission.SEND" >
163-->[com.google.firebase:firebase-messaging:23.1.0] AndroidManifest.xml:34:13-73
164            <intent-filter>
164-->[:firebase_messaging] AndroidManifest.xml:32:13-34:29
165                <action android:name="com.google.android.c2dm.intent.RECEIVE" />
165-->[:firebase_messaging] AndroidManifest.xml:33:17-81
165-->[:firebase_messaging] AndroidManifest.xml:33:25-78
166            </intent-filter>
167        </receiver>
168        <!--
169             FirebaseMessagingService performs security checks at runtime,
170             but set to not exported to explicitly avoid allowing another app to call it.
171        -->
172        <service
172-->[com.google.firebase:firebase-messaging:23.1.0] AndroidManifest.xml:44:9-51:19
173            android:name="com.google.firebase.messaging.FirebaseMessagingService"
173-->[com.google.firebase:firebase-messaging:23.1.0] AndroidManifest.xml:45:13-82
174            android:directBootAware="true"
174-->[com.google.firebase:firebase-messaging:23.1.0] AndroidManifest.xml:46:13-43
175            android:exported="false" >
175-->[com.google.firebase:firebase-messaging:23.1.0] AndroidManifest.xml:47:13-37
176            <intent-filter android:priority="-500" >
176-->[:firebase_messaging] AndroidManifest.xml:23:13-25:29
177                <action android:name="com.google.firebase.MESSAGING_EVENT" />
177-->[:firebase_messaging] AndroidManifest.xml:24:17-78
177-->[:firebase_messaging] AndroidManifest.xml:24:25-75
178            </intent-filter>
179        </service>
180
181        <provider
181-->[com.google.firebase:firebase-common:20.2.0] AndroidManifest.xml:25:9-30:39
182            android:name="com.google.firebase.provider.FirebaseInitProvider"
182-->[com.google.firebase:firebase-common:20.2.0] AndroidManifest.xml:26:13-77
183            android:authorities="com.travel.travelworldonline.firebaseinitprovider"
183-->[com.google.firebase:firebase-common:20.2.0] AndroidManifest.xml:27:13-72
184            android:directBootAware="true"
184-->[com.google.firebase:firebase-common:20.2.0] AndroidManifest.xml:28:13-43
185            android:exported="false"
185-->[com.google.firebase:firebase-common:20.2.0] AndroidManifest.xml:29:13-37
186            android:initOrder="100" />
186-->[com.google.firebase:firebase-common:20.2.0] AndroidManifest.xml:30:13-36
187        <provider
187-->[androidx.work:work-runtime:2.7.0] AndroidManifest.xml:31:9-39:20
188            android:name="androidx.startup.InitializationProvider"
188-->[androidx.work:work-runtime:2.7.0] AndroidManifest.xml:32:13-67
189            android:authorities="com.travel.travelworldonline.androidx-startup"
189-->[androidx.work:work-runtime:2.7.0] AndroidManifest.xml:33:13-68
190            android:exported="false" >
190-->[androidx.work:work-runtime:2.7.0] AndroidManifest.xml:34:13-37
191            <meta-data
191-->[androidx.work:work-runtime:2.7.0] AndroidManifest.xml:36:13-38:52
192                android:name="androidx.work.WorkManagerInitializer"
192-->[androidx.work:work-runtime:2.7.0] AndroidManifest.xml:37:17-68
193                android:value="androidx.startup" />
193-->[androidx.work:work-runtime:2.7.0] AndroidManifest.xml:38:17-49
194        </provider>
195
196        <service
196-->[androidx.work:work-runtime:2.7.0] AndroidManifest.xml:41:9-46:35
197            android:name="androidx.work.impl.background.systemalarm.SystemAlarmService"
197-->[androidx.work:work-runtime:2.7.0] AndroidManifest.xml:42:13-88
198            android:directBootAware="false"
198-->[androidx.work:work-runtime:2.7.0] AndroidManifest.xml:43:13-44
199            android:enabled="@bool/enable_system_alarm_service_default"
199-->[androidx.work:work-runtime:2.7.0] AndroidManifest.xml:44:13-72
200            android:exported="false" />
200-->[androidx.work:work-runtime:2.7.0] AndroidManifest.xml:45:13-37
201        <service
201-->[androidx.work:work-runtime:2.7.0] AndroidManifest.xml:47:9-53:35
202            android:name="androidx.work.impl.background.systemjob.SystemJobService"
202-->[androidx.work:work-runtime:2.7.0] AndroidManifest.xml:48:13-84
203            android:directBootAware="false"
203-->[androidx.work:work-runtime:2.7.0] AndroidManifest.xml:49:13-44
204            android:enabled="@bool/enable_system_job_service_default"
204-->[androidx.work:work-runtime:2.7.0] AndroidManifest.xml:50:13-70
205            android:exported="true"
205-->[androidx.work:work-runtime:2.7.0] AndroidManifest.xml:51:13-36
206            android:permission="android.permission.BIND_JOB_SERVICE" />
206-->[androidx.work:work-runtime:2.7.0] AndroidManifest.xml:52:13-69
207        <service
207-->[androidx.work:work-runtime:2.7.0] AndroidManifest.xml:54:9-59:35
208            android:name="androidx.work.impl.foreground.SystemForegroundService"
208-->[androidx.work:work-runtime:2.7.0] AndroidManifest.xml:55:13-81
209            android:directBootAware="false"
209-->[androidx.work:work-runtime:2.7.0] AndroidManifest.xml:56:13-44
210            android:enabled="@bool/enable_system_foreground_service_default"
210-->[androidx.work:work-runtime:2.7.0] AndroidManifest.xml:57:13-77
211            android:exported="false" />
211-->[androidx.work:work-runtime:2.7.0] AndroidManifest.xml:58:13-37
212
213        <receiver
213-->[androidx.work:work-runtime:2.7.0] AndroidManifest.xml:61:9-66:35
214            android:name="androidx.work.impl.utils.ForceStopRunnable$BroadcastReceiver"
214-->[androidx.work:work-runtime:2.7.0] AndroidManifest.xml:62:13-88
215            android:directBootAware="false"
215-->[androidx.work:work-runtime:2.7.0] AndroidManifest.xml:63:13-44
216            android:enabled="true"
216-->[androidx.work:work-runtime:2.7.0] AndroidManifest.xml:64:13-35
217            android:exported="false" />
217-->[androidx.work:work-runtime:2.7.0] AndroidManifest.xml:65:13-37
218        <receiver
218-->[androidx.work:work-runtime:2.7.0] AndroidManifest.xml:67:9-77:20
219            android:name="androidx.work.impl.background.systemalarm.ConstraintProxy$BatteryChargingProxy"
219-->[androidx.work:work-runtime:2.7.0] AndroidManifest.xml:68:13-106
220            android:directBootAware="false"
220-->[androidx.work:work-runtime:2.7.0] AndroidManifest.xml:69:13-44
221            android:enabled="false"
221-->[androidx.work:work-runtime:2.7.0] AndroidManifest.xml:70:13-36
222            android:exported="false" >
222-->[androidx.work:work-runtime:2.7.0] AndroidManifest.xml:71:13-37
223            <intent-filter>
223-->[androidx.work:work-runtime:2.7.0] AndroidManifest.xml:73:13-76:29
224                <action android:name="android.intent.action.ACTION_POWER_CONNECTED" />
224-->[androidx.work:work-runtime:2.7.0] AndroidManifest.xml:74:17-87
224-->[androidx.work:work-runtime:2.7.0] AndroidManifest.xml:74:25-84
225                <action android:name="android.intent.action.ACTION_POWER_DISCONNECTED" />
225-->[androidx.work:work-runtime:2.7.0] AndroidManifest.xml:75:17-90
225-->[androidx.work:work-runtime:2.7.0] AndroidManifest.xml:75:25-87
226            </intent-filter>
227        </receiver>
228        <receiver
228-->[androidx.work:work-runtime:2.7.0] AndroidManifest.xml:78:9-88:20
229            android:name="androidx.work.impl.background.systemalarm.ConstraintProxy$BatteryNotLowProxy"
229-->[androidx.work:work-runtime:2.7.0] AndroidManifest.xml:79:13-104
230            android:directBootAware="false"
230-->[androidx.work:work-runtime:2.7.0] AndroidManifest.xml:80:13-44
231            android:enabled="false"
231-->[androidx.work:work-runtime:2.7.0] AndroidManifest.xml:81:13-36
232            android:exported="false" >
232-->[androidx.work:work-runtime:2.7.0] AndroidManifest.xml:82:13-37
233            <intent-filter>
233-->[androidx.work:work-runtime:2.7.0] AndroidManifest.xml:84:13-87:29
234                <action android:name="android.intent.action.BATTERY_OKAY" />
234-->[androidx.work:work-runtime:2.7.0] AndroidManifest.xml:85:17-77
234-->[androidx.work:work-runtime:2.7.0] AndroidManifest.xml:85:25-74
235                <action android:name="android.intent.action.BATTERY_LOW" />
235-->[androidx.work:work-runtime:2.7.0] AndroidManifest.xml:86:17-76
235-->[androidx.work:work-runtime:2.7.0] AndroidManifest.xml:86:25-73
236            </intent-filter>
237        </receiver>
238        <receiver
238-->[androidx.work:work-runtime:2.7.0] AndroidManifest.xml:89:9-99:20
239            android:name="androidx.work.impl.background.systemalarm.ConstraintProxy$StorageNotLowProxy"
239-->[androidx.work:work-runtime:2.7.0] AndroidManifest.xml:90:13-104
240            android:directBootAware="false"
240-->[androidx.work:work-runtime:2.7.0] AndroidManifest.xml:91:13-44
241            android:enabled="false"
241-->[androidx.work:work-runtime:2.7.0] AndroidManifest.xml:92:13-36
242            android:exported="false" >
242-->[androidx.work:work-runtime:2.7.0] AndroidManifest.xml:93:13-37
243            <intent-filter>
243-->[androidx.work:work-runtime:2.7.0] AndroidManifest.xml:95:13-98:29
244                <action android:name="android.intent.action.DEVICE_STORAGE_LOW" />
244-->[androidx.work:work-runtime:2.7.0] AndroidManifest.xml:96:17-83
244-->[androidx.work:work-runtime:2.7.0] AndroidManifest.xml:96:25-80
245                <action android:name="android.intent.action.DEVICE_STORAGE_OK" />
245-->[androidx.work:work-runtime:2.7.0] AndroidManifest.xml:97:17-82
245-->[androidx.work:work-runtime:2.7.0] AndroidManifest.xml:97:25-79
246            </intent-filter>
247        </receiver>
248        <receiver
248-->[androidx.work:work-runtime:2.7.0] AndroidManifest.xml:100:9-109:20
249            android:name="androidx.work.impl.background.systemalarm.ConstraintProxy$NetworkStateProxy"
249-->[androidx.work:work-runtime:2.7.0] AndroidManifest.xml:101:13-103
250            android:directBootAware="false"
250-->[androidx.work:work-runtime:2.7.0] AndroidManifest.xml:102:13-44
251            android:enabled="false"
251-->[androidx.work:work-runtime:2.7.0] AndroidManifest.xml:103:13-36
252            android:exported="false" >
252-->[androidx.work:work-runtime:2.7.0] AndroidManifest.xml:104:13-37
253            <intent-filter>
253-->[androidx.work:work-runtime:2.7.0] AndroidManifest.xml:106:13-108:29
254                <action android:name="android.net.conn.CONNECTIVITY_CHANGE" />
254-->[androidx.work:work-runtime:2.7.0] AndroidManifest.xml:107:17-79
254-->[androidx.work:work-runtime:2.7.0] AndroidManifest.xml:107:25-76
255            </intent-filter>
256        </receiver>
257        <receiver
257-->[androidx.work:work-runtime:2.7.0] AndroidManifest.xml:110:9-121:20
258            android:name="androidx.work.impl.background.systemalarm.RescheduleReceiver"
258-->[androidx.work:work-runtime:2.7.0] AndroidManifest.xml:111:13-88
259            android:directBootAware="false"
259-->[androidx.work:work-runtime:2.7.0] AndroidManifest.xml:112:13-44
260            android:enabled="false"
260-->[androidx.work:work-runtime:2.7.0] AndroidManifest.xml:113:13-36
261            android:exported="false" >
261-->[androidx.work:work-runtime:2.7.0] AndroidManifest.xml:114:13-37
262            <intent-filter>
262-->[androidx.work:work-runtime:2.7.0] AndroidManifest.xml:116:13-120:29
263                <action android:name="android.intent.action.BOOT_COMPLETED" />
263-->[androidx.work:work-runtime:2.7.0] AndroidManifest.xml:117:17-79
263-->[androidx.work:work-runtime:2.7.0] AndroidManifest.xml:117:25-76
264                <action android:name="android.intent.action.TIME_SET" />
264-->[androidx.work:work-runtime:2.7.0] AndroidManifest.xml:118:17-73
264-->[androidx.work:work-runtime:2.7.0] AndroidManifest.xml:118:25-70
265                <action android:name="android.intent.action.TIMEZONE_CHANGED" />
265-->[androidx.work:work-runtime:2.7.0] AndroidManifest.xml:119:17-81
265-->[androidx.work:work-runtime:2.7.0] AndroidManifest.xml:119:25-78
266            </intent-filter>
267        </receiver>
268        <receiver
268-->[androidx.work:work-runtime:2.7.0] AndroidManifest.xml:122:9-131:20
269            android:name="androidx.work.impl.background.systemalarm.ConstraintProxyUpdateReceiver"
269-->[androidx.work:work-runtime:2.7.0] AndroidManifest.xml:123:13-99
270            android:directBootAware="false"
270-->[androidx.work:work-runtime:2.7.0] AndroidManifest.xml:124:13-44
271            android:enabled="@bool/enable_system_alarm_service_default"
271-->[androidx.work:work-runtime:2.7.0] AndroidManifest.xml:125:13-72
272            android:exported="false" >
272-->[androidx.work:work-runtime:2.7.0] AndroidManifest.xml:126:13-37
273            <intent-filter>
273-->[androidx.work:work-runtime:2.7.0] AndroidManifest.xml:128:13-130:29
274                <action android:name="androidx.work.impl.background.systemalarm.UpdateProxies" />
274-->[androidx.work:work-runtime:2.7.0] AndroidManifest.xml:129:17-98
274-->[androidx.work:work-runtime:2.7.0] AndroidManifest.xml:129:25-95
275            </intent-filter>
276        </receiver>
277        <receiver
277-->[androidx.work:work-runtime:2.7.0] AndroidManifest.xml:132:9-142:20
278            android:name="androidx.work.impl.diagnostics.DiagnosticsReceiver"
278-->[androidx.work:work-runtime:2.7.0] AndroidManifest.xml:133:13-78
279            android:directBootAware="false"
279-->[androidx.work:work-runtime:2.7.0] AndroidManifest.xml:134:13-44
280            android:enabled="true"
280-->[androidx.work:work-runtime:2.7.0] AndroidManifest.xml:135:13-35
281            android:exported="true"
281-->[androidx.work:work-runtime:2.7.0] AndroidManifest.xml:136:13-36
282            android:permission="android.permission.DUMP" >
282-->[androidx.work:work-runtime:2.7.0] AndroidManifest.xml:137:13-57
283            <intent-filter>
283-->[androidx.work:work-runtime:2.7.0] AndroidManifest.xml:139:13-141:29
284                <action android:name="androidx.work.diagnostics.REQUEST_DIAGNOSTICS" />
284-->[androidx.work:work-runtime:2.7.0] AndroidManifest.xml:140:17-88
284-->[androidx.work:work-runtime:2.7.0] AndroidManifest.xml:140:25-85
285            </intent-filter>
286        </receiver>
287
288        <activity